<?xml version="1.0" encoding="UTF-8"?>
<!-- Generated by org.testng.reporters.JUnitXMLReporter -->
<testsuite hostname="DESKTOP-R29U501" ignored="1" name="Test" tests="2" failures="0" timestamp="09 Jul 2020 12:03:21 GMT" time="0.072" errors="0">
  <testcase name="compose" time="0.016" classname="TestcaseScript.Groups"/>
  <testcase name="sentitems" time="0.005" classname="TestcaseScript.Groups"/>
  <testcase name="draft" time="0.0" classname="TestcaseScript.Groups">
    <ignored/>
  </testcase> <!-- draft -->
</testsuite> <!-- Test -->
